<?xml version="1.0" encoding="UTF-8"?>
<!-- Generated by org.testng.reporters.JUnitReportReporter -->
<testsuite hostname="LAPTOP-1IUE2TDC" failures="0" tests="1" name="Jwellrey.FilterJwellery_Test01" time="4.145" errors="0" timestamp="2023-11-02T11:21:04 IST" skipped="0">
  <testcase classname="Jwellrey.FilterJwellery_Test01" name="Fiter_JwelleryPrice" time="4.145"/>
</testsuite> <!-- Jwellrey.FilterJwellery_Test01 -->
