<?xml version="1.0" encoding="UTF-8"?>
<!-- Generated by org.testng.reporters.JUnitReportReporter -->
<testsuite hostname="LAPTOP-1IUE2TDC" failures="0" tests="1" name="SignUp.DWS_Register_01_Test" time="1.461" errors="0" timestamp="2023-10-31T21:55:08 IST" skipped="0">
  <testcase classname="SignUp.DWS_Register_01_Test" name="Register_to_application_with_valid_credentials" time="1.461"/>
</testsuite> <!-- SignUp.DWS_Register_01_Test -->
