<?xml version="1.0" encoding="UTF-8"?>
<!-- Generated by org.testng.reporters.JUnitReportReporter -->
<testsuite hostname="LAPTOP-1IUE2TDC" failures="0" tests="1" name="AddToCart.SendMail_To_Friend_03_Test" time="7.497" errors="0" timestamp="2023-11-02T11:21:40 IST" skipped="0">
  <testcase classname="AddToCart.SendMail_To_Friend_03_Test" name="sendingEmail_To_Friend" time="7.497"/>
</testsuite> <!-- AddToCart.SendMail_To_Friend_03_Test -->
