<?xml version="1.0" encoding="UTF-8"?>
<!-- Generated by org.testng.reporters.JUnitReportReporter -->
<testsuite hostname="LAPTOP-1IUE2TDC" failures="0" tests="1" name="login.DWS_Login_01_Test" time="0.955" errors="0" timestamp="2023-11-02T12:40:03 IST" skipped="0">
  <testcase classname="login.DWS_Login_01_Test" name="Login_to_application_with_valid_credentials" time="0.955"/>
</testsuite> <!-- login.DWS_Login_01_Test -->
