<?xml version="1.0" encoding="UTF-8"?>
<!-- Generated by org.testng.reporters.JUnitReportReporter -->
<testsuite hostname="LAPTOP-1IUE2TDC" failures="0" tests="1" name="AddToCart.Add_To_CampareList_02_Test" time="13.432" errors="0" timestamp="2023-11-02T14:23:15 IST" skipped="0">
  <testcase classname="AddToCart.Add_To_CampareList_02_Test" name="Add_ToCampareList_Computors" time="13.432"/>
</testsuite> <!-- AddToCart.Add_To_CampareList_02_Test -->
