<?xml version="1.0" encoding="UTF-8"?>
<!-- Generated by org.testng.reporters.JUnitReportReporter -->
<testsuite hostname="LAPTOP-1IUE2TDC" failures="0" tests="1" name="AddToCart.Remove_To_CompareList" time="14.743" errors="0" timestamp="2023-11-01T18:11:25 IST" skipped="0">
  <testcase classname="AddToCart.Remove_To_CompareList" name="Add_ToCampareList_Computors" time="14.743"/>
</testsuite> <!-- AddToCart.Remove_To_CompareList -->
