<?xml version="1.0" encoding="UTF-8"?>
<!-- Generated by org.testng.reporters.JUnitReportReporter -->
<testsuite hostname="LAPTOP-1IUE2TDC" failures="0" tests="1" name="AddToCart.DWS_RemoveToCompareList_06Test" time="20.973" errors="0" timestamp="2023-11-04T12:23:59 IST" skipped="0">
  <testcase classname="AddToCart.DWS_RemoveToCompareList_06Test" name="Add_ToCampareList_Computors" time="20.973"/>
</testsuite> <!-- AddToCart.DWS_RemoveToCompareList_06Test -->
