<?xml version="1.0" encoding="UTF-8"?>
<!-- Generated by org.testng.reporters.JUnitReportReporter -->
<testsuite hostname="LAPTOP-1IUE2TDC" failures="0" tests="2" name="AddToCart.Add_ToCart_By_HomePage_01Test" time="19.537" errors="0" timestamp="2023-11-02T14:23:15 IST" skipped="0">
  <testcase classname="AddToCart.Add_ToCart_By_HomePage_01Test" name="Add_Books_InToCart_" time="7.237"/>
  <testcase classname="AddToCart.Add_ToCart_By_HomePage_01Test" name="AddToCart_ProductWith_homePage" time="12.300"/>
</testsuite> <!-- AddToCart.Add_ToCart_By_HomePage_01Test -->
