<?xml version="1.0" encoding="UTF-8"?>
<!-- Generated by org.testng.reporters.JUnitReportReporter -->
<testsuite hostname="LAPTOP-1IUE2TDC" failures="0" tests="2" name="Jwellrey.AddToJewelleryIn_WishList_02" time="16.148" errors="0" timestamp="2023-11-02T00:24:16 IST" skipped="0">
  <testcase classname="Jwellrey.AddToJewelleryIn_WishList_02" name="AddToWishList_Jwellery" time="9.615"/>
  <testcase classname="Jwellrey.AddToJewelleryIn_WishList_02" name="RemoveToWishList_Jwellery" time="6.533"/>
</testsuite> <!-- Jwellrey.AddToJewelleryIn_WishList_02 -->
