<?xml version="1.0" encoding="UTF-8"?>
<!-- Generated by org.testng.reporters.JUnitReportReporter -->
<testsuite hostname="LAPTOP-1IUE2TDC" failures="0" tests="1" name="Jwellrey.DemoTestCaseToComparePrize" time="1.782" errors="0" timestamp="2023-11-02T11:59:29 IST" skipped="0">
  <testcase classname="Jwellrey.DemoTestCaseToComparePrize" name="prizeComparing" time="1.782"/>
</testsuite> <!-- Jwellrey.DemoTestCaseToComparePrize -->
