<?xml version="1.0" encoding="UTF-8"?>
<!-- Generated by org.testng.reporters.JUnitReportReporter -->
<testsuite hostname="LAPTOP-1IUE2TDC" failures="0" tests="2" name="AddToCart.DWS_AddToCart_03_OR_04" time="17.240" errors="0" timestamp="2023-11-02T21:15:54 IST" skipped="0">
  <testcase classname="AddToCart.DWS_AddToCart_03_OR_04" name="Add_Books_InToCart_" time="6.889"/>
  <testcase classname="AddToCart.DWS_AddToCart_03_OR_04" name="AddToCart_ProductWith_homePage" time="10.351"/>
</testsuite> <!-- AddToCart.DWS_AddToCart_03_OR_04 -->
