<?xml version="1.0" encoding="UTF-8"?>
<!-- Generated by org.testng.reporters.JUnitReportReporter -->
<testsuite hostname="LAPTOP-1IUE2TDC" failures="0" tests="1" name="AddToCart.DWS_SendMailToFriend_08_Test" time="8.371" errors="0" timestamp="2023-11-03T13:47:59 IST" skipped="0">
  <testcase classname="AddToCart.DWS_SendMailToFriend_08_Test" name="sendingEmail_To_Friend" time="8.371"/>
</testsuite> <!-- AddToCart.DWS_SendMailToFriend_08_Test -->
